<?xml version="1.0" encoding="UTF-8"?>
<!-- Generated by org.testng.reporters.JUnitReportReporter -->
<testsuite hostname="Thippeswamy" failures="0" tests="1" name="goibibo.sampleTest" time="23.044" errors="0" timestamp="2024-04-21T12:38:44 IST" skipped="0">
  <testcase classname="goibibo.sampleTest" name="sample" time="23.044"/>
  <system-out/>
</testsuite> <!-- goibibo.sampleTest -->
